<?xml version="1.0" encoding="UTF-8"?>
<!-- Generated by org.testng.reporters.JUnitXMLReporter -->
<testsuite hostname="LAPTOP-CLAC0DT4" name="SmokeTesting" tests="8" failures="0" timestamp="16 Mar 2021 07:03:21 GMT" time="56.177" errors="0">
  <testcase name="main" time="0.003" classname="com.RuntimeTerror.tests.SmokeTest"/>
  <testcase name="openHomePage" time="3.726" classname="com.RuntimeTerror.tests.SmokeTest"/>
  <testcase name="searchForPlace" time="25.613" classname="com.RuntimeTerror.tests.SmokeTest"/>
  <testcase name="applySpecificFilters" time="3.685" classname="com.RuntimeTerror.tests.SmokeTest"/>
  <testcase name="printHolidayHomeDetails" time="9.48" classname="com.RuntimeTerror.tests.SmokeTest"/>
  <testcase name="openCruise" time="5.893" classname="com.RuntimeTerror.tests.SmokeTest"/>
  <testcase name="searchRespectiveCruise" time="4.678" classname="com.RuntimeTerror.tests.SmokeTest"/>
  <testcase name="printCruiseDetail" time="3.019" classname="com.RuntimeTerror.tests.SmokeTest"/>
</testsuite> <!-- SmokeTesting -->
