<?xml version="1.0" encoding="UTF-8"?>
<!-- Generated by org.testng.reporters.JUnitXMLReporter -->
<testsuite hostname="LAPTOP-CLAC0DT4" name="Default test" tests="9" failures="1" timestamp="15 Mar 2021 13:55:08 GMT" time="77.188" errors="0">
  <testcase name="main" time="0.006" classname="com.RuntimeTerror.tests.SmokeTest"/>
  <testcase name="openHomePage" time="4.201" classname="com.RuntimeTerror.tests.SmokeTest"/>
  <testcase name="searchForPlace" time="39.07" classname="com.RuntimeTerror.tests.SmokeTest"/>
  <testcase name="applySpecificFilters" time="3.629" classname="com.RuntimeTerror.tests.SmokeTest"/>
  <testcase name="printHolidayHomeDetails" time="9.556" classname="com.RuntimeTerror.tests.SmokeTest"/>
  <testcase name="openCruise" time="11.748" classname="com.RuntimeTerror.tests.SmokeTest"/>
  <testcase name="searchRespectiveCruise" time="4.648" classname="com.RuntimeTerror.tests.SmokeTest"/>
  <testcase name="printCruiseDetail" time="3.758" classname="com.RuntimeTerror.tests.SmokeTest"/>
  <testcase name="printLanguageOffered" time="0.479" classname="com.RuntimeTerror.tests.SmokeTest">
    <failure type="junit.framework.AssertionFailedError" message="Itenerary Unavaiable for fetching Languages Offered">
      <![CDATA[junit.framework.AssertionFailedError: Itenerary Unavaiable for fetching Languages Offered
	at junit.framework.Assert.fail(Assert.java:47)
	at com.RuntimeTerror.BaseClass.Browser.reportFail(Browser.java:243)
	at com.RuntimeTerror.PageClasses.Cruises.fetchLanguage(Cruises.java:85)
	at com.RuntimeTerror.tests.SmokeTest.printLanguageOffered(SmokeTest.java:142)
	at sun.reflect.NativeMethodAccessorImpl.invoke0(Native Method)
	at sun.reflect.NativeMethodAccessorImpl.invoke(Unknown Source)
	at sun.reflect.DelegatingMethodAccessorImpl.invoke(Unknown Source)
	at java.lang.reflect.Method.invoke(Unknown Source)
	at org.testng.internal.MethodInvocationHelper.invokeMethod(MethodInvocationHelper.java:86)
	at org.testng.internal.Invoker.invokeMethod(Invoker.java:645)
	at org.testng.internal.Invoker.invokeTestMethod(Invoker.java:822)
	at org.testng.internal.Invoker.invokeTestMethods(Invoker.java:1130)
	at org.testng.internal.TestMethodWorker.invokeTestMethods(TestMethodWorker.java:129)
	at org.testng.internal.TestMethodWorker.run(TestMethodWorker.java:112)
	at org.testng.TestRunner.privateRun(TestRunner.java:782)
	at org.testng.TestRunner.run(TestRunner.java:632)
	at org.testng.SuiteRunner.runTest(SuiteRunner.java:366)
	at org.testng.SuiteRunner.runSequentially(SuiteRunner.java:361)
	at org.testng.SuiteRunner.privateRun(SuiteRunner.java:319)
	at org.testng.SuiteRunner.run(SuiteRunner.java:268)
	at org.testng.SuiteRunnerWorker.runSuite(SuiteRunnerWorker.java:52)
	at org.testng.SuiteRunnerWorker.run(SuiteRunnerWorker.java:86)
	at org.testng.TestNG.runSuitesSequentially(TestNG.java:1244)
	at org.testng.TestNG.runSuitesLocally(TestNG.java:1169)
	at org.testng.TestNG.run(TestNG.java:1064)
	at org.testng.remote.RemoteTestNG.run(RemoteTestNG.java:113)
	at org.testng.remote.RemoteTestNG.initAndRun(RemoteTestNG.java:206)
	at org.testng.remote.RemoteTestNG.main(RemoteTestNG.java:177)
]]>
    </failure>
  </testcase> <!-- printLanguageOffered -->
</testsuite> <!-- Default test -->
